{"/Users/desoukya/dev/giu/sc/l6-tdd/tdd-l6/src/main.js": {"path":"/Users/desoukya/dev/giu/sc/l6-tdd/tdd-l6/src/main.js","statementMap":{"0":{"start":{"line":2,"column":20},"end":{"line":2,"column":45}},"1":{"start":{"line":3,"column":23},"end":{"line":3,"column":59}},"2":{"start":{"line":4,"column":23},"end":{"line":4,"column":59}},"3":{"start":{"line":6,"column":13},"end":{"line":26,"column":1}},"4":{"start":{"line":8,"column":15},"end":{"line":8,"column":36}},"5":{"start":{"line":10,"column":2},"end":{"line":12,"column":3}},"6":{"start":{"line":11,"column":4},"end":{"line":11,"column":62}},"7":{"start":{"line":15,"column":19},"end":{"line":18,"column":3}},"8":{"start":{"line":21,"column":18},"end":{"line":21,"column":59}},"9":{"start":{"line":22,"column":15},"end":{"line":22,"column":60}},"10":{"start":{"line":25,"column":2},"end":{"line":25,"column":43}},"11":{"start":{"line":30,"column":0},"end":{"line":30,"column":22}}},"fnMap":{"0":{"name":"(anonymous_0)","decl":{"start":{"line":6,"column":13},"end":{"line":6,"column":14}},"loc":{"start":{"line":6,"column":25},"end":{"line":26,"column":1}},"line":6}},"branchMap":{"0":{"loc":{"start":{"line":10,"column":2},"end":{"line":12,"column":3}},"type":"if","locations":[{"start":{"line":10,"column":2},"end":{"line":12,"column":3}},{"start":{},"end":{}}],"line":10},"1":{"loc":{"start":{"line":10,"column":6},"end":{"line":10,"column":49}},"type":"binary-expr","locations":[{"start":{"line":10,"column":6},"end":{"line":10,"column":18}},{"start":{"line":10,"column":23},"end":{"line":10,"column":27}},{"start":{"line":10,"column":31},"end":{"line":10,"column":48}}],"line":10}},"s":{"0":1,"1":1,"2":1,"3":1,"4":2,"5":2,"6":1,"7":1,"8":1,"9":1,"10":1,"11":1},"f":{"0":2},"b":{"0":[1,1],"1":[2,1,1]},"_coverageSchema":"1a1c01bbd47fc00a2c39e90264f33305004495a9","hash":"31e29b67a179142ae95824796197f1139ffed4e1"}
,"/Users/desoukya/dev/giu/sc/l6-tdd/tdd-l6/src/main.service.js": {"path":"/Users/desoukya/dev/giu/sc/l6-tdd/tdd-l6/src/main.service.js","statementMap":{"0":{"start":{"line":1,"column":0},"end":{"line":3,"column":2}},"1":{"start":{"line":5,"column":0},"end":{"line":7,"column":2}}},"fnMap":{"0":{"name":"(anonymous_0)","decl":{"start":{"line":1,"column":17},"end":{"line":1,"column":18}},"loc":{"start":{"line":1,"column":27},"end":{"line":3,"column":1}},"line":1}},"branchMap":{},"s":{"0":1,"1":1},"f":{"0":0},"b":{},"_coverageSchema":"1a1c01bbd47fc00a2c39e90264f33305004495a9","hash":"115506552d2da345fd57dea3145c186a92c3cf12"}
,"/Users/desoukya/dev/giu/sc/l6-tdd/tdd-l6/src/country/country.service.js": {"path":"/Users/desoukya/dev/giu/sc/l6-tdd/tdd-l6/src/country/country.service.js","statementMap":{"0":{"start":{"line":1,"column":12},"end":{"line":1,"column":28}},"1":{"start":{"line":3,"column":21},"end":{"line":3,"column":64}},"2":{"start":{"line":6,"column":2},"end":{"line":6,"column":59}},"3":{"start":{"line":9,"column":0},"end":{"line":11,"column":2}}},"fnMap":{"0":{"name":"getCountryInfo","decl":{"start":{"line":5,"column":9},"end":{"line":5,"column":23}},"loc":{"start":{"line":5,"column":34},"end":{"line":7,"column":1}},"line":5}},"branchMap":{},"s":{"0":1,"1":1,"2":1,"3":1},"f":{"0":1},"b":{},"_coverageSchema":"1a1c01bbd47fc00a2c39e90264f33305004495a9","hash":"0c5d7a90b2c29b5e8a2d0f48824a5c7dc03404ae"}
,"/Users/desoukya/dev/giu/sc/l6-tdd/tdd-l6/src/weather/weather.service.js": {"path":"/Users/desoukya/dev/giu/sc/l6-tdd/tdd-l6/src/weather/weather.service.js","statementMap":{"0":{"start":{"line":1,"column":12},"end":{"line":1,"column":28}},"1":{"start":{"line":3,"column":20},"end":{"line":3,"column":62}},"2":{"start":{"line":6,"column":2},"end":{"line":6,"column":51}},"3":{"start":{"line":9,"column":0},"end":{"line":11,"column":2}}},"fnMap":{"0":{"name":"getWeather","decl":{"start":{"line":5,"column":9},"end":{"line":5,"column":19}},"loc":{"start":{"line":5,"column":30},"end":{"line":7,"column":1}},"line":5}},"branchMap":{},"s":{"0":1,"1":1,"2":1,"3":1},"f":{"0":1},"b":{},"_coverageSchema":"1a1c01bbd47fc00a2c39e90264f33305004495a9","hash":"e8631606c7a775113e549999737f9b439b6f581b"}
}
