{"/Users/desoukya/dev/g/sc/tdd-l6-api/src/main.js": {"path":"/Users/desoukya/dev/g/sc/tdd-l6-api/src/main.js","statementMap":{"0":{"start":{"line":3,"column":16},"end":{"line":3,"column":34}},"1":{"start":{"line":4,"column":23},"end":{"line":4,"column":59}},"2":{"start":{"line":5,"column":23},"end":{"line":5,"column":59}},"3":{"start":{"line":7,"column":12},"end":{"line":7,"column":21}},"4":{"start":{"line":10,"column":19},"end":{"line":10,"column":41}},"5":{"start":{"line":11,"column":0},"end":{"line":11,"column":27}},"6":{"start":{"line":14,"column":0},"end":{"line":19,"column":3}},"7":{"start":{"line":15,"column":2},"end":{"line":15,"column":49}},"8":{"start":{"line":16,"column":2},"end":{"line":16,"column":57}},"9":{"start":{"line":17,"column":2},"end":{"line":17,"column":95}},"10":{"start":{"line":18,"column":2},"end":{"line":18,"column":9}},"11":{"start":{"line":22,"column":0},"end":{"line":57,"column":3}},"12":{"start":{"line":23,"column":2},"end":{"line":23,"column":54}},"13":{"start":{"line":25,"column":2},"end":{"line":38,"column":5}},"14":{"start":{"line":26,"column":21},"end":{"line":26,"column":30}},"15":{"start":{"line":29,"column":4},"end":{"line":31,"column":5}},"16":{"start":{"line":30,"column":6},"end":{"line":30,"column":60}},"17":{"start":{"line":33,"column":20},"end":{"line":33,"column":57}},"18":{"start":{"line":34,"column":4},"end":{"line":36,"column":5}},"19":{"start":{"line":35,"column":6},"end":{"line":35,"column":43}},"20":{"start":{"line":37,"column":4},"end":{"line":37,"column":61}},"21":{"start":{"line":40,"column":2},"end":{"line":56,"column":5}},"22":{"start":{"line":41,"column":37},"end":{"line":41,"column":46}},"23":{"start":{"line":44,"column":4},"end":{"line":46,"column":5}},"24":{"start":{"line":45,"column":6},"end":{"line":45,"column":69}},"25":{"start":{"line":47,"column":4},"end":{"line":49,"column":5}},"26":{"start":{"line":48,"column":6},"end":{"line":48,"column":73}},"27":{"start":{"line":51,"column":17},"end":{"line":51,"column":65}},"28":{"start":{"line":52,"column":4},"end":{"line":54,"column":5}},"29":{"start":{"line":53,"column":6},"end":{"line":53,"column":40}},"30":{"start":{"line":55,"column":4},"end":{"line":55,"column":61}}},"fnMap":{"0":{"name":"(anonymous_0)","decl":{"start":{"line":14,"column":8},"end":{"line":14,"column":9}},"loc":{"start":{"line":14,"column":34},"end":{"line":19,"column":1}},"line":14},"1":{"name":"(anonymous_1)","decl":{"start":{"line":22,"column":17},"end":{"line":22,"column":18}},"loc":{"start":{"line":22,"column":37},"end":{"line":57,"column":1}},"line":22},"2":{"name":"(anonymous_2)","decl":{"start":{"line":25,"column":22},"end":{"line":25,"column":23}},"loc":{"start":{"line":25,"column":42},"end":{"line":38,"column":3}},"line":25},"3":{"name":"(anonymous_3)","decl":{"start":{"line":40,"column":19},"end":{"line":40,"column":20}},"loc":{"start":{"line":40,"column":39},"end":{"line":56,"column":3}},"line":40}},"branchMap":{"0":{"loc":{"start":{"line":29,"column":4},"end":{"line":31,"column":5}},"type":"if","locations":[{"start":{"line":29,"column":4},"end":{"line":31,"column":5}},{"start":{},"end":{}}],"line":29},"1":{"loc":{"start":{"line":34,"column":4},"end":{"line":36,"column":5}},"type":"if","locations":[{"start":{"line":34,"column":4},"end":{"line":36,"column":5}},{"start":{},"end":{}}],"line":34},"2":{"loc":{"start":{"line":44,"column":4},"end":{"line":46,"column":5}},"type":"if","locations":[{"start":{"line":44,"column":4},"end":{"line":46,"column":5}},{"start":{},"end":{}}],"line":44},"3":{"loc":{"start":{"line":47,"column":4},"end":{"line":49,"column":5}},"type":"if","locations":[{"start":{"line":47,"column":4},"end":{"line":49,"column":5}},{"start":{},"end":{}}],"line":47},"4":{"loc":{"start":{"line":52,"column":4},"end":{"line":54,"column":5}},"type":"if","locations":[{"start":{"line":52,"column":4},"end":{"line":54,"column":5}},{"start":{},"end":{}}],"line":52}},"s":{"0":1,"1":1,"2":1,"3":1,"4":1,"5":1,"6":1,"7":7,"8":7,"9":7,"10":7,"11":1,"12":1,"13":1,"14":3,"15":3,"16":1,"17":2,"18":2,"19":1,"20":1,"21":1,"22":4,"23":4,"24":1,"25":3,"26":1,"27":2,"28":2,"29":1,"30":1},"f":{"0":7,"1":1,"2":3,"3":4},"b":{"0":[1,2],"1":[1,1],"2":[1,3],"3":[1,2],"4":[1,1]},"_coverageSchema":"1a1c01bbd47fc00a2c39e90264f33305004495a9","hash":"1fd9631d9dbe0240a5b8403e666aaff109043f2e"}
,"/Users/desoukya/dev/g/sc/tdd-l6-api/src/country/country.service.js": {"path":"/Users/desoukya/dev/g/sc/tdd-l6-api/src/country/country.service.js","statementMap":{"0":{"start":{"line":1,"column":12},"end":{"line":1,"column":28}},"1":{"start":{"line":3,"column":21},"end":{"line":3,"column":57}},"2":{"start":{"line":6,"column":2},"end":{"line":8,"column":24}},"3":{"start":{"line":7,"column":24},"end":{"line":7,"column":31}},"4":{"start":{"line":8,"column":18},"end":{"line":8,"column":22}},"5":{"start":{"line":11,"column":0},"end":{"line":13,"column":2}}},"fnMap":{"0":{"name":"getCountryInfo","decl":{"start":{"line":5,"column":15},"end":{"line":5,"column":29}},"loc":{"start":{"line":5,"column":43},"end":{"line":9,"column":1}},"line":5},"1":{"name":"(anonymous_1)","decl":{"start":{"line":7,"column":10},"end":{"line":7,"column":11}},"loc":{"start":{"line":7,"column":24},"end":{"line":7,"column":31}},"line":7},"2":{"name":"(anonymous_2)","decl":{"start":{"line":8,"column":11},"end":{"line":8,"column":12}},"loc":{"start":{"line":8,"column":18},"end":{"line":8,"column":22}},"line":8}},"branchMap":{},"s":{"0":1,"1":1,"2":1,"3":1,"4":0,"5":1},"f":{"0":1,"1":1,"2":0},"b":{},"_coverageSchema":"1a1c01bbd47fc00a2c39e90264f33305004495a9","hash":"a95b391a6aa0299333ae1c591d2066d892c9f9b8"}
,"/Users/desoukya/dev/g/sc/tdd-l6-api/src/weather/weather.service.js": {"path":"/Users/desoukya/dev/g/sc/tdd-l6-api/src/weather/weather.service.js","statementMap":{"0":{"start":{"line":1,"column":12},"end":{"line":1,"column":28}},"1":{"start":{"line":3,"column":20},"end":{"line":3,"column":61}},"2":{"start":{"line":6,"column":2},"end":{"line":8,"column":24}},"3":{"start":{"line":7,"column":24},"end":{"line":7,"column":28}},"4":{"start":{"line":8,"column":18},"end":{"line":8,"column":22}},"5":{"start":{"line":11,"column":0},"end":{"line":13,"column":2}}},"fnMap":{"0":{"name":"getWeather","decl":{"start":{"line":5,"column":15},"end":{"line":5,"column":25}},"loc":{"start":{"line":5,"column":32},"end":{"line":9,"column":1}},"line":5},"1":{"name":"(anonymous_1)","decl":{"start":{"line":7,"column":10},"end":{"line":7,"column":11}},"loc":{"start":{"line":7,"column":24},"end":{"line":7,"column":28}},"line":7},"2":{"name":"(anonymous_2)","decl":{"start":{"line":8,"column":11},"end":{"line":8,"column":12}},"loc":{"start":{"line":8,"column":18},"end":{"line":8,"column":22}},"line":8}},"branchMap":{},"s":{"0":1,"1":1,"2":1,"3":1,"4":0,"5":1},"f":{"0":1,"1":1,"2":0},"b":{},"_coverageSchema":"1a1c01bbd47fc00a2c39e90264f33305004495a9","hash":"c7d6b50953cd68d28e388b2ad4e111e873524828"}
}
